2014/06/08 06:41:30 [error] [exception.CHttpException.404] exception 'CHttpException' with message 'The system is unable to find the requested action "index".' in /home3/jimnast1/public_html/mindertr/framework/web/CController.php:483
Stack trace:
#0 /home3/jimnast1/public_html/mindertr/framework/web/CController.php(270): CController->missingAction('')
#1 /home3/jimnast1/public_html/mindertr/framework/web/CWebApplication.php(282): CController->run('')
#2 /home3/jimnast1/public_html/mindertr/framework/web/CWebApplication.php(141): CWebApplication->runController('')
#3 /home3/jimnast1/public_html/mindertr/framework/base/CApplication.php(180): CWebApplication->processRequest()
#4 /home3/jimnast1/public_html/mindertr/index.php(11): CApplication->run()
#5 {main}
REQUEST_URI=/
---
2014/06/08 06:41:43 [error] [exception.CException] exception 'CException' with message 'CAssetManager.basePath "/home3/jimnast1/public_html/mindertr/assets" is invalid. Please make sure the directory exists and is writable by the Web server process.' in /home3/jimnast1/public_html/mindertr/framework/web/CAssetManager.php:138
Stack trace:
#0 /home3/jimnast1/public_html/mindertr/framework/web/CAssetManager.php(123): CAssetManager->setBasePath('/home3/jimnast1...')
#1 /home3/jimnast1/public_html/mindertr/framework/web/CAssetManager.php(217): CAssetManager->getBasePath()
#2 /home3/jimnast1/public_html/mindertr/framework/web/CClientScript.php(510): CAssetManager->publish('/home3/jimnast1...')
#3 /home3/jimnast1/public_html/mindertr/framework/web/CClientScript.php(547): CClientScript->getCoreScriptUrl()
#4 /home3/jimnast1/public_html/mindertr/framework/web/CClientScript.php(348): CClientScript->getPackageBaseUrl('jquery')
#5 /home3/jimnast1/public_html/mindertr/framework/web/CClientScript.php(208): CClientScript->renderCoreScripts()
#6 /home3/jimnast1/public_html/mindertr/framework/web/CController.php(351): CClientScript->render('<!DOCTYPE html ...')
#7 /home3/jimnast1/public_html/mindertr/framework/web/CController.php(788): CController->processOutput('<!DOCTYPE html ...')
#8 /home3/jimnast1/public_html/mindertr/protected/controllers/SiteController.php(57): CController->render('contact', Array)
#9 /home3/jimnast1/public_html/mindertr/framework/web/actions/CInlineAction.php(49): SiteController->actionContact()
#10 /home3/jimnast1/public_html/mindertr/framework/web/CController.php(308): CInlineAction->runWithParams(Array)
#11 /home3/jimnast1/public_html/mindertr/framework/web/CController.php(286): CController->runAction(Object(CInlineAction))
#12 /home3/jimnast1/public_html/mindertr/framework/web/CController.php(265): CController->runActionWithFilters(Object(CInlineAction), Array)
#13 /home3/jimnast1/public_html/mindertr/framework/web/CWebApplication.php(282): CController->run('contact')
#14 /home3/jimnast1/public_html/mindertr/framework/web/CWebApplication.php(141): CWebApplication->runController('site/contact')
#15 /home3/jimnast1/public_html/mindertr/framework/base/CApplication.php(180): CWebApplication->processRequest()
#16 /home3/jimnast1/public_html/mindertr/index.php(11): CApplication->run()
#17 {main}
REQUEST_URI=/index.php/site/contact
HTTP_REFERER=http://www.minder-tr.com/index.php/site/page?view=about
---
2014/06/08 06:41:48 [error] [exception.CHttpException.500] exception 'CHttpException' with message 'This application requires that PHP was compiled with Blowfish support for crypt().' in /home3/jimnast1/public_html/mindertr/protected/controllers/SiteController.php:66
Stack trace:
#0 /home3/jimnast1/public_html/mindertr/framework/web/actions/CInlineAction.php(49): SiteController->actionLogin()
#1 /home3/jimnast1/public_html/mindertr/framework/web/CController.php(308): CInlineAction->runWithParams(Array)
#2 /home3/jimnast1/public_html/mindertr/framework/web/CController.php(286): CController->runAction(Object(CInlineAction))
#3 /home3/jimnast1/public_html/mindertr/framework/web/CController.php(265): CController->runActionWithFilters(Object(CInlineAction), Array)
#4 /home3/jimnast1/public_html/mindertr/framework/web/CWebApplication.php(282): CController->run('login')
#5 /home3/jimnast1/public_html/mindertr/framework/web/CWebApplication.php(141): CWebApplication->runController('site/login')
#6 /home3/jimnast1/public_html/mindertr/framework/base/CApplication.php(180): CWebApplication->processRequest()
#7 /home3/jimnast1/public_html/mindertr/index.php(11): CApplication->run()
#8 {main}
REQUEST_URI=/index.php/site/login
HTTP_REFERER=http://www.minder-tr.com/index.php/site/page?view=about
---
2014/06/08 06:42:00 [error] [exception.CHttpException.500] exception 'CHttpException' with message 'This application requires that PHP was compiled with Blowfish support for crypt().' in /home3/jimnast1/public_html/mindertr/protected/controllers/SiteController.php:66
Stack trace:
#0 /home3/jimnast1/public_html/mindertr/framework/web/actions/CInlineAction.php(49): SiteController->actionLogin()
#1 /home3/jimnast1/public_html/mindertr/framework/web/CController.php(308): CInlineAction->runWithParams(Array)
#2 /home3/jimnast1/public_html/mindertr/framework/web/CController.php(286): CController->runAction(Object(CInlineAction))
#3 /home3/jimnast1/public_html/mindertr/framework/web/CController.php(265): CController->runActionWithFilters(Object(CInlineAction), Array)
#4 /home3/jimnast1/public_html/mindertr/framework/web/CWebApplication.php(282): CController->run('login')
#5 /home3/jimnast1/public_html/mindertr/framework/web/CWebApplication.php(141): CWebApplication->runController('site/login')
#6 /home3/jimnast1/public_html/mindertr/framework/base/CApplication.php(180): CWebApplication->processRequest()
#7 /home3/jimnast1/public_html/mindertr/index.php(11): CApplication->run()
#8 {main}
REQUEST_URI=/index.php/site/login
HTTP_REFERER=http://www.minder-tr.com/index.php/site/login
---
2014/06/08 06:42:05 [error] [exception.CHttpException.404] exception 'CHttpException' with message 'Unable to resolve the request "post/index".' in /home3/jimnast1/public_html/mindertr/framework/web/CWebApplication.php:286
Stack trace:
#0 /home3/jimnast1/public_html/mindertr/framework/web/CWebApplication.php(141): CWebApplication->runController('post/index')
#1 /home3/jimnast1/public_html/mindertr/framework/base/CApplication.php(180): CWebApplication->processRequest()
#2 /home3/jimnast1/public_html/mindertr/index.php(11): CApplication->run()
#3 {main}
REQUEST_URI=/index.php/post/index
HTTP_REFERER=http://www.minder-tr.com/index.php/site/page?view=about
---
2014/06/08 06:42:12 [error] [exception.CException] exception 'CException' with message 'CAssetManager.basePath "/home3/jimnast1/public_html/mindertr/assets" is invalid. Please make sure the directory exists and is writable by the Web server process.' in /home3/jimnast1/public_html/mindertr/framework/web/CAssetManager.php:138
Stack trace:
#0 /home3/jimnast1/public_html/mindertr/framework/web/CAssetManager.php(123): CAssetManager->setBasePath('/home3/jimnast1...')
#1 /home3/jimnast1/public_html/mindertr/framework/web/CAssetManager.php(217): CAssetManager->getBasePath()
#2 /home3/jimnast1/public_html/mindertr/framework/web/CClientScript.php(510): CAssetManager->publish('/home3/jimnast1...')
#3 /home3/jimnast1/public_html/mindertr/framework/web/CClientScript.php(547): CClientScript->getCoreScriptUrl()
#4 /home3/jimnast1/public_html/mindertr/framework/web/CClientScript.php(348): CClientScript->getPackageBaseUrl('jquery')
#5 /home3/jimnast1/public_html/mindertr/framework/web/CClientScript.php(208): CClientScript->renderCoreScripts()
#6 /home3/jimnast1/public_html/mindertr/framework/web/CController.php(351): CClientScript->render('<!DOCTYPE html ...')
#7 /home3/jimnast1/public_html/mindertr/framework/web/CController.php(788): CController->processOutput('<!DOCTYPE html ...')
#8 /home3/jimnast1/public_html/mindertr/protected/controllers/SiteController.php(57): CController->render('contact', Array)
#9 /home3/jimnast1/public_html/mindertr/framework/web/actions/CInlineAction.php(49): SiteController->actionContact()
#10 /home3/jimnast1/public_html/mindertr/framework/web/CController.php(308): CInlineAction->runWithParams(Array)
#11 /home3/jimnast1/public_html/mindertr/framework/web/CController.php(286): CController->runAction(Object(CInlineAction))
#12 /home3/jimnast1/public_html/mindertr/framework/web/CController.php(265): CController->runActionWithFilters(Object(CInlineAction), Array)
#13 /home3/jimnast1/public_html/mindertr/framework/web/CWebApplication.php(282): CController->run('contact')
#14 /home3/jimnast1/public_html/mindertr/framework/web/CWebApplication.php(141): CWebApplication->runController('site/contact')
#15 /home3/jimnast1/public_html/mindertr/framework/base/CApplication.php(180): CWebApplication->processRequest()
#16 /home3/jimnast1/public_html/mindertr/index.php(11): CApplication->run()
#17 {main}
REQUEST_URI=/index.php/site/contact
HTTP_REFERER=http://www.minder-tr.com/index.php/site/page?view=about
---
2014/06/08 06:42:25 [error] [exception.CHttpException.404] exception 'CHttpException' with message 'Unable to resolve the request "post/index".' in /home3/jimnast1/public_html/mindertr/framework/web/CWebApplication.php:286
Stack trace:
#0 /home3/jimnast1/public_html/mindertr/framework/web/CWebApplication.php(141): CWebApplication->runController('post/index')
#1 /home3/jimnast1/public_html/mindertr/framework/base/CApplication.php(180): CWebApplication->processRequest()
#2 /home3/jimnast1/public_html/mindertr/index.php(11): CApplication->run()
#3 {main}
REQUEST_URI=/index.php/post/index
HTTP_REFERER=http://www.minder-tr.com/index.php/site/page?view=about
---
2014/06/08 06:42:33 [error] [exception.CHttpException.404] exception 'CHttpException' with message 'Unable to resolve the request "post/index".' in /home3/jimnast1/public_html/mindertr/framework/web/CWebApplication.php:286
Stack trace:
#0 /home3/jimnast1/public_html/mindertr/framework/web/CWebApplication.php(141): CWebApplication->runController('post/index')
#1 /home3/jimnast1/public_html/mindertr/framework/base/CApplication.php(180): CWebApplication->processRequest()
#2 /home3/jimnast1/public_html/mindertr/index.php(11): CApplication->run()
#3 {main}
REQUEST_URI=/index.php/post/index
HTTP_REFERER=http://www.minder-tr.com/index.php/post/index
---
